<?xml version="1.0" encoding="UTF-8"?>
<!-- Generated by org.testng.reporters.JUnitXMLReporter -->
<testsuite ignored="14" hostname="LAPTOP-IVDTKOOS" failures="0" tests="1" name="Default test" time="20.423" errors="0" timestamp="2021-11-23T13:44:31 IST">
  <testcase classname="tests.TC01" name="verifyLanguageTest" time="0.189"/>
  <testcase classname="tests.TC01" name="verifyAddressTest" time="0.0">
    <ignored/>
  </testcase> <!-- verifyAddressTest -->
  <testcase classname="tests.TC01" name="verifyCountryTest" time="0.0">
    <ignored/>
  </testcase> <!-- verifyCountryTest -->
  <testcase classname="tests.TC01" name="verifyConfirmPwdTest" time="0.0">
    <ignored/>
  </testcase> <!-- verifyConfirmPwdTest -->
  <testcase classname="tests.TC01" name="verifyDayTest" time="0.0">
    <ignored/>
  </testcase> <!-- verifyDayTest -->
  <testcase classname="tests.TC01" name="verifyEmailTest" time="0.0">
    <ignored/>
  </testcase> <!-- verifyEmailTest -->
  <testcase classname="tests.TC01" name="verifyMonthTest" time="0.0">
    <ignored/>
  </testcase> <!-- verifyMonthTest -->
  <testcase classname="tests.TC01" name="verifyLastNameTest" time="0.0">
    <ignored/>
  </testcase> <!-- verifyLastNameTest -->
  <testcase classname="tests.TC01" name="verifyFirstNameTest" time="0.0">
    <ignored/>
  </testcase> <!-- verifyFirstNameTest -->
  <testcase classname="tests.TC01" name="verifyPasswordTest" time="0.0">
    <ignored/>
  </testcase> <!-- verifyPasswordTest -->
  <testcase classname="tests.TC01" name="verifyMobileTest" time="0.0">
    <ignored/>
  </testcase> <!-- verifyMobileTest -->
  <testcase classname="tests.TC01" name="verifyGenderTest" time="0.0">
    <ignored/>
  </testcase> <!-- verifyGenderTest -->
  <testcase classname="tests.TC01" name="verifyYearTest" time="0.0">
    <ignored/>
  </testcase> <!-- verifyYearTest -->
  <testcase classname="tests.TC01" name="verifyHobbiesTest" time="0.0">
    <ignored/>
  </testcase> <!-- verifyHobbiesTest -->
  <testcase classname="tests.TC01" name="verifySkillsTest" time="0.0">
    <ignored/>
  </testcase> <!-- verifySkillsTest -->
</testsuite> <!-- Default test -->
