<?xml version="1.0" encoding="UTF-8"?>
<!-- Generated by org.testng.reporters.JUnitXMLReporter -->
<testsuite ignored="2" hostname="DESKTOP-6STPM54" failures="0" tests="1" name="addToCart" time="8.396" errors="0" timestamp="2021-08-08T01:35:47 IST">
  <testcase classname="test.test3_popupwindow" name="popupCheck" time="8.349"/>
  <testcase classname="test.Testecommerce" name="checkValue" time="0.0">
    <ignored/>
  </testcase> <!-- checkValue -->
  <testcase classname="test.Testecommerce" name="checkSorting" time="0.0">
    <ignored/>
  </testcase> <!-- checkSorting -->
</testsuite> <!-- addToCart -->
