<?xml version="1.0" encoding="UTF-8"?>
<!-- Generated by org.testng.reporters.JUnitXMLReporter -->
<testsuite ignored="1" hostname="DESKTOP-6STPM54" failures="0" tests="1" name="sortCheckvalueCheck" time="18.56" errors="0" timestamp="2021-08-08T00:22:14 IST">
  <testcase classname="test.Testecommerce" name="checkSorting" time="11.529"/>
  <testcase classname="test.Testecommerce" name="checkValue" time="0.0">
    <ignored/>
  </testcase> <!-- checkValue -->
</testsuite> <!-- sortCheckvalueCheck -->
