<?xml version="1.0" encoding="UTF-8"?>
<!-- Generated by org.testng.reporters.JUnitXMLReporter -->
<testsuite ignored="0" hostname="LAPTOP-IVDTKOOS" failures="0" tests="15" name="Test" time="19.779" errors="0" timestamp="2021-11-23T13:49:27 IST">
  <testcase classname="tests.TC01" name="verifyFirstNameTest" time="0.112"/>
  <testcase classname="tests.TC01" name="verifyLastNameTest" time="0.1"/>
  <testcase classname="tests.TC01" name="verifyAddressTest" time="0.133"/>
  <testcase classname="tests.TC01" name="verifyEmailTest" time="0.151"/>
  <testcase classname="tests.TC01" name="verifyMobileTest" time="0.098"/>
  <testcase classname="tests.TC01" name="verifyGenderTest" time="0.088"/>
  <testcase classname="tests.TC01" name="verifyHobbiesTest" time="0.098"/>
  <testcase classname="tests.TC01" name="verifyLanguageTest" time="0.173"/>
  <testcase classname="tests.TC01" name="verifySkillsTest" time="0.164"/>
  <testcase classname="tests.TC01" name="verifyCountryTest" time="0.144"/>
  <testcase classname="tests.TC01" name="verifyYearTest" time="0.18"/>
  <testcase classname="tests.TC01" name="verifyMonthTest" time="0.103"/>
  <testcase classname="tests.TC01" name="verifyDayTest" time="0.116"/>
  <testcase classname="tests.TC01" name="verifyPasswordTest" time="0.11"/>
  <testcase classname="tests.TC01" name="verifyConfirmPwdTest" time="0.125"/>
</testsuite> <!-- Test -->
