<?xml version="1.0" encoding="UTF-8"?>
<!-- Generated by org.testng.reporters.JUnitXMLReporter -->
<testsuite ignored="2" hostname="DESKTOP-6STPM54" failures="0" tests="5" name="SortCheck" time="34.955" errors="0" timestamp="2021-08-07T22:10:44 IST">
  <testcase classname="test.Testecommerce" name="checkSorting" time="9.891"/>
  <testcase classname="test.Testecommerce" name="checkValue" time="4.051"/>
  <testcase classname="test.Testecommerce" name="checkSorting" time="6.777"/>
  <testcase classname="test.Testecommerce" name="checkValue" time="1.478"/>
  <testcase classname="test.addToCart" name="addToCart" time="12.707"/>
  <testcase classname="test.Testecommerce" name="@BeforeSuite setUp" time="0.0">
    <ignored/>
  </testcase> <!-- @BeforeSuite setUp -->
  <testcase classname="test.Testecommerce" name="@AfterSuite terDown" time="0.0">
    <ignored/>
  </testcase> <!-- @AfterSuite terDown -->
</testsuite> <!-- SortCheck -->
