<?xml version="1.0" encoding="UTF-8"?>
<testng-results ignored="0" total="15" passed="15" failed="0" skipped="0">
  <reporter-output>
  </reporter-output>
  <suite started-at="2021-11-23T13:49:07 IST" name="Suite" finished-at="2021-11-23T13:49:27 IST" duration-ms="19779">
    <groups>
    </groups>
    <test started-at="2021-11-23T13:49:07 IST" name="Test" finished-at="2021-11-23T13:49:27 IST" duration-ms="19779">
      <class name="tests.TC01">
        <test-method is-config="true" signature="setup()[pri:0, instance:tests.TC01@5ee2b6f9]" started-at="2021-11-23T13:49:07 IST" name="setup" finished-at="2021-11-23T13:49:16 IST" duration-ms="8617" status="PASS">
          <reporter-output>
          </reporter-output>
        </test-method> <!-- setup -->
        <test-method signature="verifyFirstNameTest(java.util.Hashtable)[pri:1, instance:tests.TC01@5ee2b6f9]" started-at="2021-11-23T13:49:16 IST" name="verifyFirstNameTest" data-provider="dp" finished-at="2021-11-23T13:49:16 IST" duration-ms="112" status="PASS">
          <params>
            <param index="0">
              <value>
                <![CDATA[{hobbies=movies, name=manku, lang=Urdu, country=India, skills=iOS, lastname=patil, pwd=parimal@123, month=November, phone=9895261212, email=pari1293@gmail.com, year=1993, day=12, confirmpwd=parimal@123, gender=male, add=423/2225  Sant tukaram nagar}]]>
              </value>
            </param>
          </params>
          <reporter-output>
          </reporter-output>
        </test-method> <!-- verifyFirstNameTest -->
        <test-method signature="verifyLastNameTest(java.util.Hashtable)[pri:2, instance:tests.TC01@5ee2b6f9]" started-at="2021-11-23T13:49:16 IST" name="verifyLastNameTest" data-provider="dp" finished-at="2021-11-23T13:49:16 IST" duration-ms="100" status="PASS">
          <params>
            <param index="0">
              <value>
                <![CDATA[{hobbies=movies, name=manku, lang=Urdu, country=India, skills=iOS, lastname=patil, pwd=parimal@123, month=November, phone=9895261212, email=pari1293@gmail.com, year=1993, day=12, confirmpwd=parimal@123, gender=male, add=423/2225  Sant tukaram nagar}]]>
              </value>
            </param>
          </params>
          <reporter-output>
          </reporter-output>
        </test-method> <!-- verifyLastNameTest -->
        <test-method signature="verifyAddressTest(java.util.Hashtable)[pri:3, instance:tests.TC01@5ee2b6f9]" started-at="2021-11-23T13:49:17 IST" name="verifyAddressTest" data-provider="dp" finished-at="2021-11-23T13:49:17 IST" duration-ms="133" status="PASS">
          <params>
            <param index="0">
              <value>
                <![CDATA[{hobbies=movies, name=manku, lang=Urdu, country=India, skills=iOS, lastname=patil, pwd=parimal@123, month=November, phone=9895261212, email=pari1293@gmail.com, year=1993, day=12, confirmpwd=parimal@123, gender=male, add=423/2225  Sant tukaram nagar}]]>
              </value>
            </param>
          </params>
          <reporter-output>
          </reporter-output>
        </test-method> <!-- verifyAddressTest -->
        <test-method signature="verifyEmailTest(java.util.Hashtable)[pri:3, instance:tests.TC01@5ee2b6f9]" started-at="2021-11-23T13:49:17 IST" name="verifyEmailTest" data-provider="dp" finished-at="2021-11-23T13:49:17 IST" duration-ms="151" status="PASS">
          <params>
            <param index="0">
              <value>
                <![CDATA[{hobbies=movies, name=manku, lang=Urdu, country=India, skills=iOS, lastname=patil, pwd=parimal@123, month=November, phone=9895261212, email=pari1293@gmail.com, year=1993, day=12, confirmpwd=parimal@123, gender=male, add=423/2225  Sant tukaram nagar}]]>
              </value>
            </param>
          </params>
          <reporter-output>
          </reporter-output>
        </test-method> <!-- verifyEmailTest -->
        <test-method signature="verifyMobileTest(java.util.Hashtable)[pri:4, instance:tests.TC01@5ee2b6f9]" started-at="2021-11-23T13:49:17 IST" name="verifyMobileTest" data-provider="dp" finished-at="2021-11-23T13:49:18 IST" duration-ms="98" status="PASS">
          <params>
            <param index="0">
              <value>
                <![CDATA[{hobbies=movies, name=manku, lang=Urdu, country=India, skills=iOS, lastname=patil, pwd=parimal@123, month=November, phone=9895261212, email=pari1293@gmail.com, year=1993, day=12, confirmpwd=parimal@123, gender=male, add=423/2225  Sant tukaram nagar}]]>
              </value>
            </param>
          </params>
          <reporter-output>
          </reporter-output>
        </test-method> <!-- verifyMobileTest -->
        <test-method signature="verifyGenderTest(java.util.Hashtable)[pri:5, instance:tests.TC01@5ee2b6f9]" started-at="2021-11-23T13:49:18 IST" name="verifyGenderTest" data-provider="dp" finished-at="2021-11-23T13:49:18 IST" duration-ms="88" status="PASS">
          <params>
            <param index="0">
              <value>
                <![CDATA[{hobbies=movies, name=manku, lang=Urdu, country=India, skills=iOS, lastname=patil, pwd=parimal@123, month=November, phone=9895261212, email=pari1293@gmail.com, year=1993, day=12, confirmpwd=parimal@123, gender=male, add=423/2225  Sant tukaram nagar}]]>
              </value>
            </param>
          </params>
          <reporter-output>
          </reporter-output>
        </test-method> <!-- verifyGenderTest -->
        <test-method signature="verifyHobbiesTest(java.util.Hashtable)[pri:6, instance:tests.TC01@5ee2b6f9]" started-at="2021-11-23T13:49:18 IST" name="verifyHobbiesTest" data-provider="dp" finished-at="2021-11-23T13:49:18 IST" duration-ms="98" status="PASS">
          <params>
            <param index="0">
              <value>
                <![CDATA[{hobbies=movies, name=manku, lang=Urdu, country=India, skills=iOS, lastname=patil, pwd=parimal@123, month=November, phone=9895261212, email=pari1293@gmail.com, year=1993, day=12, confirmpwd=parimal@123, gender=male, add=423/2225  Sant tukaram nagar}]]>
              </value>
            </param>
          </params>
          <reporter-output>
          </reporter-output>
        </test-method> <!-- verifyHobbiesTest -->
        <test-method signature="verifyLanguageTest(java.util.Hashtable)[pri:7, instance:tests.TC01@5ee2b6f9]" started-at="2021-11-23T13:49:19 IST" name="verifyLanguageTest" data-provider="dp" finished-at="2021-11-23T13:49:19 IST" duration-ms="173" status="PASS">
          <params>
            <param index="0">
              <value>
                <![CDATA[{hobbies=movies, name=manku, lang=Urdu, country=India, skills=iOS, lastname=patil, pwd=parimal@123, month=November, phone=9895261212, email=pari1293@gmail.com, year=1993, day=12, confirmpwd=parimal@123, gender=male, add=423/2225  Sant tukaram nagar}]]>
              </value>
            </param>
          </params>
          <reporter-output>
          </reporter-output>
        </test-method> <!-- verifyLanguageTest -->
        <test-method signature="verifySkillsTest(java.util.Hashtable)[pri:8, instance:tests.TC01@5ee2b6f9]" started-at="2021-11-23T13:49:19 IST" name="verifySkillsTest" data-provider="dp" finished-at="2021-11-23T13:49:19 IST" duration-ms="164" status="PASS">
          <params>
            <param index="0">
              <value>
                <![CDATA[{hobbies=movies, name=manku, lang=Urdu, country=India, skills=iOS, lastname=patil, pwd=parimal@123, month=November, phone=9895261212, email=pari1293@gmail.com, year=1993, day=12, confirmpwd=parimal@123, gender=male, add=423/2225  Sant tukaram nagar}]]>
              </value>
            </param>
          </params>
          <reporter-output>
          </reporter-output>
        </test-method> <!-- verifySkillsTest -->
        <test-method signature="verifyCountryTest(java.util.Hashtable)[pri:9, instance:tests.TC01@5ee2b6f9]" started-at="2021-11-23T13:49:19 IST" name="verifyCountryTest" data-provider="dp" finished-at="2021-11-23T13:49:20 IST" duration-ms="144" status="PASS">
          <params>
            <param index="0">
              <value>
                <![CDATA[{hobbies=movies, name=manku, lang=Urdu, country=India, skills=iOS, lastname=patil, pwd=parimal@123, month=November, phone=9895261212, email=pari1293@gmail.com, year=1993, day=12, confirmpwd=parimal@123, gender=male, add=423/2225  Sant tukaram nagar}]]>
              </value>
            </param>
          </params>
          <reporter-output>
          </reporter-output>
        </test-method> <!-- verifyCountryTest -->
        <test-method signature="verifyYearTest(java.util.Hashtable)[pri:10, instance:tests.TC01@5ee2b6f9]" started-at="2021-11-23T13:49:20 IST" name="verifyYearTest" data-provider="dp" finished-at="2021-11-23T13:49:20 IST" duration-ms="180" status="PASS">
          <params>
            <param index="0">
              <value>
                <![CDATA[{hobbies=movies, name=manku, lang=Urdu, country=India, skills=iOS, lastname=patil, pwd=parimal@123, month=November, phone=9895261212, email=pari1293@gmail.com, year=1993, day=12, confirmpwd=parimal@123, gender=male, add=423/2225  Sant tukaram nagar}]]>
              </value>
            </param>
          </params>
          <reporter-output>
          </reporter-output>
        </test-method> <!-- verifyYearTest -->
        <test-method signature="verifyMonthTest(java.util.Hashtable)[pri:11, instance:tests.TC01@5ee2b6f9]" started-at="2021-11-23T13:49:20 IST" name="verifyMonthTest" data-provider="dp" finished-at="2021-11-23T13:49:20 IST" duration-ms="103" status="PASS">
          <params>
            <param index="0">
              <value>
                <![CDATA[{hobbies=movies, name=manku, lang=Urdu, country=India, skills=iOS, lastname=patil, pwd=parimal@123, month=November, phone=9895261212, email=pari1293@gmail.com, year=1993, day=12, confirmpwd=parimal@123, gender=male, add=423/2225  Sant tukaram nagar}]]>
              </value>
            </param>
          </params>
          <reporter-output>
          </reporter-output>
        </test-method> <!-- verifyMonthTest -->
        <test-method signature="verifyDayTest(java.util.Hashtable)[pri:12, instance:tests.TC01@5ee2b6f9]" started-at="2021-11-23T13:49:21 IST" name="verifyDayTest" data-provider="dp" finished-at="2021-11-23T13:49:21 IST" duration-ms="116" status="PASS">
          <params>
            <param index="0">
              <value>
                <![CDATA[{hobbies=movies, name=manku, lang=Urdu, country=India, skills=iOS, lastname=patil, pwd=parimal@123, month=November, phone=9895261212, email=pari1293@gmail.com, year=1993, day=12, confirmpwd=parimal@123, gender=male, add=423/2225  Sant tukaram nagar}]]>
              </value>
            </param>
          </params>
          <reporter-output>
          </reporter-output>
        </test-method> <!-- verifyDayTest -->
        <test-method signature="verifyPasswordTest(java.util.Hashtable)[pri:13, instance:tests.TC01@5ee2b6f9]" started-at="2021-11-23T13:49:21 IST" name="verifyPasswordTest" data-provider="dp" finished-at="2021-11-23T13:49:21 IST" duration-ms="110" status="PASS">
          <params>
            <param index="0">
              <value>
                <![CDATA[{hobbies=movies, name=manku, lang=Urdu, country=India, skills=iOS, lastname=patil, pwd=parimal@123, month=November, phone=9895261212, email=pari1293@gmail.com, year=1993, day=12, confirmpwd=parimal@123, gender=male, add=423/2225  Sant tukaram nagar}]]>
              </value>
            </param>
          </params>
          <reporter-output>
          </reporter-output>
        </test-method> <!-- verifyPasswordTest -->
        <test-method signature="verifyConfirmPwdTest(java.util.Hashtable)[pri:14, instance:tests.TC01@5ee2b6f9]" started-at="2021-11-23T13:49:21 IST" name="verifyConfirmPwdTest" data-provider="dp" finished-at="2021-11-23T13:49:21 IST" duration-ms="125" status="PASS">
          <params>
            <param index="0">
              <value>
                <![CDATA[{hobbies=movies, name=manku, lang=Urdu, country=India, skills=iOS, lastname=patil, pwd=parimal@123, month=November, phone=9895261212, email=pari1293@gmail.com, year=1993, day=12, confirmpwd=parimal@123, gender=male, add=423/2225  Sant tukaram nagar}]]>
              </value>
            </param>
          </params>
          <reporter-output>
          </reporter-output>
        </test-method> <!-- verifyConfirmPwdTest -->
        <test-method is-config="true" signature="teardown()[pri:0, instance:tests.TC01@5ee2b6f9]" started-at="2021-11-23T13:49:22 IST" name="teardown" finished-at="2021-11-23T13:49:27 IST" duration-ms="5122" status="PASS">
          <reporter-output>
          </reporter-output>
        </test-method> <!-- teardown -->
      </class> <!-- tests.TC01 -->
    </test> <!-- Test -->
  </suite> <!-- Suite -->
</testng-results>
